<?xml version="1.0" encoding="UTF-8"?>
<testng-results ignored="0" total="0" passed="0" failed="0" skipped="0">
  <reporter-output>
  </reporter-output>
  <suite started-at="2024-11-09T14:19:14 AST" name="Default suite" finished-at="2024-11-09T14:19:14 AST" duration-ms="44">
    <groups>
    </groups>
    <test started-at="2024-11-09T14:19:14 AST" name="Default test" finished-at="2024-11-09T14:19:14 AST" duration-ms="44">
    </test> <!-- Default test -->
  </suite> <!-- Default suite -->
</testng-results>
